<?xml version="1.0" encoding="UTF-8"?>
<!-- Generated by org.testng.reporters.JUnitReportReporter -->
<testsuite hostname="PRAMEET-PC" name="com.cr.qa.testcases.HomePageTest" tests="2" failures="0" timestamp="18 Apr 2020 14:39:05 GMT" time="45.914" errors="0">
  <testcase name="verifyHomePageTitleTest" time="23.780" classname="com.cr.qa.testcases.HomePageTest"/>
  <testcase name="verifyContactsLinkTest" time="22.134" classname="com.cr.qa.testcases.HomePageTest"/>
</testsuite> <!-- com.cr.qa.testcases.HomePageTest -->
