<?xml version="1.0" encoding="UTF-8"?>
<!-- Generated by org.testng.reporters.JUnitReportReporter -->
<testsuite hostname="PRAMEET-PC" name="com.cr.qa.testcases.LoginPageTest" tests="3" failures="0" timestamp="18 Apr 2020 14:39:05 GMT" time="64.229" errors="0">
  <testcase name="verifyPageTitleTest" time="25.869" classname="com.cr.qa.testcases.LoginPageTest"/>
  <testcase name="loginTest" time="24.058" classname="com.cr.qa.testcases.LoginPageTest"/>
  <testcase name="crmImageTest" time="14.302" classname="com.cr.qa.testcases.LoginPageTest"/>
</testsuite> <!-- com.cr.qa.testcases.LoginPageTest -->
